Removed Pin From Net: NetName=NRST Pin=SW1-2
Removed Pin From Net: NetName=GND Pin=SW1-3
Removed Pin From Net: NetName=GND Pin=SW1-4
Removed Pin From Net: NetName=User_Button Pin=SW2-2
Removed Pin From Net: NetName=GND Pin=SW2-3
Removed Pin From Net: NetName=GND Pin=SW2-4
Removed Member From Class: ClassName=S1 Member=SW1
Removed Member From Class: ClassName=S1 Member=SW2
Added Component: Designator=S1(SW_D6R90_F1_LFS)
Add component (AddParameter): Name = "Availability"; Value = "Unavailable"; VariantName = "[No Variations]"
Add component (AddParameter): Name = "MF"; Value = ""; VariantName = "[No Variations]"
Add component (AddParameter): Name = "MP"; Value = "D6R90_F1_LFS"; VariantName = "[No Variations]"
Add component (AddParameter): Name = "Package"; Value = "None"; VariantName = "[No Variations]"
Add component (AddParameter): Name = "Price"; Value = "None"; VariantName = "[No Variations]"
Add component (AddParameter): Name = "Value"; Value = ""; VariantName = "[No Variations]"
Added Component: Designator=S2(SW_D6R90_F1_LFS)
Add component (AddParameter): Name = "Availability"; Value = "Unavailable"; VariantName = "[No Variations]"
Add component (AddParameter): Name = "MF"; Value = ""; VariantName = "[No Variations]"
Add component (AddParameter): Name = "MP"; Value = "D6R90_F1_LFS"; VariantName = "[No Variations]"
Add component (AddParameter): Name = "Package"; Value = "None"; VariantName = "[No Variations]"
Add component (AddParameter): Name = "Price"; Value = "None"; VariantName = "[No Variations]"
Add component (AddParameter): Name = "Value"; Value = ""; VariantName = "[No Variations]"
Added Pin To Net: NetName=NRST Pin=C13-1
Added Pin To Net: NetName=User_Button Pin=R2-2
Added Pin To Net: NetName=GND Pin=S1-1
Added Pin To Net: NetName=GND Pin=S1-2
Added Pin To Net: NetName=NRST Pin=S1-3
Added Pin To Net: NetName=NRST Pin=S1-4
Added Pin To Net: NetName=GND Pin=S2-1
Added Pin To Net: NetName=GND Pin=S2-2
Added Pin To Net: NetName=User_Button Pin=S2-3
Added Pin To Net: NetName=User_Button Pin=S2-4
Added Pin To Net: NetName=NRST Pin=U1-2
Added Member To Class: ClassName=S1 Member=Component S1 D6R90_F1_LFS
Added Member To Class: ClassName=S1 Member=Component S2 D6R90_F1_LFS
